<?xml version="1.0" encoding="UTF-8"?>
<!-- Generated by org.testng.reporters.JUnitReportReporter -->
<testsuite skipped="0" hostname="DESKTOP-CRMBDI1" name="seleniumpractise.ScreeShot1" tests="1" failures="0" timestamp="2020-01-25T01:42:44 PST" time="50.878" errors="0">
  <testcase name="ss" time="50.878" classname="seleniumpractise.ScreeShot1"/>
</testsuite> <!-- seleniumpractise.ScreeShot1 -->
