<?xml version="1.0" encoding="UTF-8"?>
<!-- Generated by org.testng.reporters.JUnitReportReporter -->
<testsuite skipped="0" hostname="DESKTOP-CRMBDI1" name="seleniumpractise.DatePicker" tests="1" failures="0" timestamp="2020-01-23T07:56:36 PST" time="20.008" errors="0">
  <testcase name="calender" time="20.008" classname="seleniumpractise.DatePicker"/>
</testsuite> <!-- seleniumpractise.DatePicker -->
