<?xml version="1.0" encoding="UTF-8"?>
<!-- Generated by org.testng.reporters.JUnitReportReporter -->
<testsuite skipped="0" hostname="DESKTOP-CRMBDI1" name="seleniumpractise.Annotations" tests="1" failures="0" timestamp="2020-01-22T07:15:19 PST" time="0.015" errors="0">
  <testcase name="test" time="0.015" classname="seleniumpractise.Annotations"/>
</testsuite> <!-- seleniumpractise.Annotations -->
