<?xml version="1.0" encoding="UTF-8"?>
<!-- Generated by org.testng.reporters.JUnitReportReporter -->
<testsuite skipped="0" hostname="DESKTOP-CRMBDI1" name="seleniumpractise.Ajax" tests="1" failures="0" timestamp="2020-01-29T08:07:16 PST" time="13.712" errors="0">
  <testcase name="Ajaxcall" time="13.712" classname="seleniumpractise.Ajax"/>
</testsuite> <!-- seleniumpractise.Ajax -->
