<?xml version="1.0" encoding="UTF-8"?>
<!-- Generated by org.testng.reporters.JUnitReportReporter -->
<testsuite skipped="0" hostname="DESKTOP-CRMBDI1" name="seleniumpractise.ScreenShot" tests="1" failures="0" timestamp="2020-01-23T08:18:14 PST" time="16.360" errors="0">
  <testcase name="capturescreenshot" time="16.360" classname="seleniumpractise.ScreenShot"/>
</testsuite> <!-- seleniumpractise.ScreenShot -->
