<?xml version="1.0" encoding="UTF-8"?>
<!-- Generated by org.testng.reporters.JUnitReportReporter -->
<testsuite skipped="0" hostname="DESKTOP-CRMBDI1" name="Selenium.Easy.java.WindowsHandeling" tests="1" failures="0" timestamp="2020-01-15T07:54:04 PST" time="20.045" errors="0">
  <testcase name="getwindowhandle" time="20.045" classname="Selenium.Easy.java.WindowsHandeling"/>
</testsuite> <!-- Selenium.Easy.java.WindowsHandeling -->
